<?xml version="1.0" encoding="UTF-8"?>
<testng-results skipped="0" failed="0" ignored="0" total="1" passed="1">
  <reporter-output>
  </reporter-output>
  <suite name="Default suite" duration-ms="160213" started-at="2021-03-23T16:45:54 EDT" finished-at="2021-03-23T16:48:34 EDT">
    <groups>
    </groups>
    <test name="Default test" duration-ms="160213" started-at="2021-03-23T16:45:54 EDT" finished-at="2021-03-23T16:48:34 EDT">
      <class name="test.InputFormTest">
        <test-method status="PASS" signature="usershouldabletofilloutform()[pri:0, instance:test.InputFormTest@36fc695d]" name="usershouldabletofilloutform" duration-ms="159521" started-at="2021-03-23T16:45:55 EDT" finished-at="2021-03-23T16:48:34 EDT">
          <reporter-output>
          </reporter-output>
        </test-method> <!-- usershouldabletofilloutform -->
      </class> <!-- test.InputFormTest -->
    </test> <!-- Default test -->
  </suite> <!-- Default suite -->
</testng-results>
